 ******* Program HYDRUS
 ******* 
 Welcome to HYDRUS-1D                                                    
 Date:  15. 4.    Time:  12:27: 6
 Units: L = cm   , T = hours, M = mmol 
 
 CosAlf,MaxIt,TolTh,  TolH
 1.000   20   0.000 0.10000
 
 TopInF,BotInF,AtmBC,SinkF,WLayer,qGWLF,FreeD,SeepF,lWat,lChem,lTemp,lRoot,lWDep
     T     T     T     F     T     F     F     F     T     F     F     F     F

Nodal point information

node      x         hOld    MatN LayN  Beta      Ah       AK      ATh     Temp    Conc(1...NS)         Sorb(1...NS)

   1      0.000   -110.092    1    1   0.000    1.000    1.000    1.000
   2     -0.043   -110.092    1    1   0.000    1.000    1.000    1.000
   3     -0.095   -110.092    1    1   0.000    1.000    1.000    1.000
   4     -0.158   -110.092    1    1   0.000    1.000    1.000    1.000
   5     -0.231   -110.092    1    1   0.000    1.000    1.000    1.000
   6     -0.314   -110.092    1    1   0.000    1.000    1.000    1.000
   7     -0.407   -110.092    1    1   0.000    1.000    1.000    1.000
   8     -0.510   -110.092    1    1   0.000    1.000    1.000    1.000
   9     -0.623   -110.092    1    1   0.000    1.000    1.000    1.000
  10     -0.746   -110.092    1    1   0.000    1.000    1.000    1.000
  11     -0.880   -110.092    1    1   0.000    1.000    1.000    1.000
  12     -1.020   -110.092    1    1   0.000    1.000    1.000    1.000
  13     -1.180   -110.092    1    1   0.000    1.000    1.000    1.000
  14     -1.340   -110.092    1    1   0.000    1.000    1.000    1.000
  15     -1.510   -110.092    1    1   0.000    1.000    1.000    1.000
  16     -1.700   -110.092    1    1   0.000    1.000    1.000    1.000
  17     -1.890   -110.092    1    1   0.000    1.000    1.000    1.000
  18     -2.090   -110.092    1    1   0.000    1.000    1.000    1.000
  19     -2.310   -110.092    1    1   0.000    1.000    1.000    1.000
  20     -2.530   -110.092    1    1   0.000    1.000    1.000    1.000
  21     -2.760   -110.092    1    1   0.000    1.000    1.000    1.000
  22     -3.010   -110.092    1    1   0.000    1.000    1.000    1.000
  23     -3.260   -110.092    1    1   0.000    1.000    1.000    1.000
  24     -3.530   -110.092    1    1   0.000    1.000    1.000    1.000
  25     -3.800   -110.092    1    1   0.000    1.000    1.000    1.000
  26     -4.080   -110.092    1    1   0.000    1.000    1.000    1.000
  27     -4.380   -110.092    1    1   0.000    1.000    1.000    1.000
  28     -4.680   -110.092    1    1   0.000    1.000    1.000    1.000
  29     -5.000   -110.092    1    1   0.000    1.000    1.000    1.000
  30     -5.320   -110.092    1    1   0.000    1.000    1.000    1.000
  31     -5.660   -110.092    1    1   0.000    1.000    1.000    1.000
  32     -6.000   -110.092    1    1   0.000    1.000    1.000    1.000
  33     -6.350   -110.092    1    1   0.000    1.000    1.000    1.000
  34     -6.770   -110.092    1    1   0.000    1.000    1.000    1.000
  35     -7.250   -110.092    1    1   0.000    1.000    1.000    1.000
  36     -7.790   -110.092    1    1   0.000    1.000    1.000    1.000
  37     -8.400   -110.092    1    1   0.000    1.000    1.000    1.000
  38     -9.080   -110.092    1    1   0.000    1.000    1.000    1.000
  39     -9.820   -110.092    1    1   0.000    1.000    1.000    1.000
  40    -10.600   -110.092    1    1   0.000    1.000    1.000    1.000
  41    -11.500   -110.092    1    1   0.000    1.000    1.000    1.000
  42    -12.400   -110.092    1    1   0.000    1.000    1.000    1.000
  43    -13.400   -110.092    1    1   0.000    1.000    1.000    1.000
  44    -14.500   -110.092    1    1   0.000    1.000    1.000    1.000
  45    -15.700   -110.092    1    1   0.000    1.000    1.000    1.000
  46    -16.900   -110.092    1    1   0.000    1.000    1.000    1.000
  47    -18.100   -110.092    1    1   0.000    1.000    1.000    1.000
  48    -19.400   -110.092    1    1   0.000    1.000    1.000    1.000
  49    -20.800   -110.092    1    1   0.000    1.000    1.000    1.000
  50    -22.300   -110.092    1    1   0.000    1.000    1.000    1.000
  51    -23.800   -110.092    1    1   0.000    1.000    1.000    1.000
  52    -25.400   -110.092    1    1   0.000    1.000    1.000    1.000
  53    -27.100   -110.092    1    1   0.000    1.000    1.000    1.000
  54    -28.800   -110.092    1    1   0.000    1.000    1.000    1.000
  55    -30.600   -110.092    1    1   0.000    1.000    1.000    1.000
  56    -32.400   -110.092    1    1   0.000    1.000    1.000    1.000
  57    -34.400   -110.092    1    1   0.000    1.000    1.000    1.000
  58    -36.300   -110.092    1    1   0.000    1.000    1.000    1.000
  59    -38.400   -110.092    1    1   0.000    1.000    1.000    1.000
  60    -40.500   -110.092    1    1   0.000    1.000    1.000    1.000
  61    -42.700   -110.092    1    1   0.000    1.000    1.000    1.000
  62    -44.900   -110.092    1    1   0.000    1.000    1.000    1.000
  63    -47.200   -110.092    1    1   0.000    1.000    1.000    1.000
  64    -49.600   -110.092    1    1   0.000    1.000    1.000    1.000
  65    -52.100   -110.092    1    1   0.000    1.000    1.000    1.000
  66    -54.600   -110.092    1    1   0.000    1.000    1.000    1.000
  67    -57.100   -110.092    1    1   0.000    1.000    1.000    1.000
  68    -59.800   -110.092    1    1   0.000    1.000    1.000    1.000
  69    -62.500   -110.092    1    1   0.000    1.000    1.000    1.000
  70    -65.200   -110.092    1    1   0.000    1.000    1.000    1.000
  71    -68.100   -110.092    1    1   0.000    1.000    1.000    1.000
  72    -71.000   -110.092    1    1   0.000    1.000    1.000    1.000
  73    -73.900   -110.092    1    1   0.000    1.000    1.000    1.000
  74    -77.000   -110.092    1    1   0.000    1.000    1.000    1.000
  75    -80.100   -110.092    1    1   0.000    1.000    1.000    1.000
  76    -83.200   -110.092    1    1   0.000    1.000    1.000    1.000
  77    -86.400   -110.092    1    1   0.000    1.000    1.000    1.000
  78    -89.700   -110.092    1    1   0.000    1.000    1.000    1.000
  79    -93.100   -110.092    1    1   0.000    1.000    1.000    1.000
  80    -96.500   -110.092    1    1   0.000    1.000    1.000    1.000
  81   -100.000   -110.092    1    1   0.000    1.000    1.000    1.000
end

 Number of species in the chain :   0


MatNum, Param. array:

   Mat     Qr     Qs        Alfa         n          Ks      l

    1    0.074  0.442   0.449E-02   0.167E+01   0.629E-01  1.983

       Table of Hydraulic Properties which are interpolated in simulation
       =================================================================

  theta         h        log h        C             K        log K          S          Kv
 
  0.4417  -0.100E+00 -0.1000E+01  0.6491E-05  0.6219E-01 -0.1206E+01    1.0000  0.2398E-28
  0.4417  -0.115E+00 -0.9394E+00  0.7123E-05  0.6212E-01 -0.1207E+01    1.0000  0.4792E-28
  0.4417  -0.132E+00 -0.8788E+00  0.7817E-05  0.6204E-01 -0.1207E+01    1.0000  0.1186E-27
  0.4417  -0.152E+00 -0.8182E+00  0.8578E-05  0.6195E-01 -0.1208E+01    1.0000  0.2418E-27
  0.4417  -0.175E+00 -0.7576E+00  0.9414E-05  0.6186E-01 -0.1209E+01    1.0000  0.5352E-27
  0.4417  -0.201E+00 -0.6970E+00  0.1033E-04  0.6175E-01 -0.1209E+01    1.0000  0.1196E-26
  0.4417  -0.231E+00 -0.6364E+00  0.1134E-04  0.6164E-01 -0.1210E+01    1.0000  0.2596E-26
  0.4417  -0.266E+00 -0.5758E+00  0.1244E-04  0.6152E-01 -0.1211E+01    1.0000  0.5672E-26
  0.4417  -0.305E+00 -0.5152E+00  0.1365E-04  0.6138E-01 -0.1212E+01    1.0000  0.1205E-25
  0.4417  -0.351E+00 -0.4545E+00  0.1498E-04  0.6123E-01 -0.1213E+01    1.0000  0.2617E-25
  0.4417  -0.404E+00 -0.3939E+00  0.1644E-04  0.6106E-01 -0.1214E+01    1.0000  0.5717E-25
  0.4417  -0.464E+00 -0.3333E+00  0.1804E-04  0.6088E-01 -0.1216E+01    1.0000  0.1239E-24
  0.4417  -0.534E+00 -0.2727E+00  0.1980E-04  0.6069E-01 -0.1217E+01    1.0000  0.2680E-24
  0.4417  -0.614E+00 -0.2121E+00  0.2173E-04  0.6047E-01 -0.1218E+01    1.0000  0.5834E-24
  0.4417  -0.705E+00 -0.1515E+00  0.2384E-04  0.6023E-01 -0.1220E+01    1.0000  0.1261E-23
  0.4417  -0.811E+00 -0.9091E-01  0.2616E-04  0.5997E-01 -0.1222E+01    1.0000  0.2722E-23
  0.4417  -0.933E+00 -0.3030E-01  0.2871E-04  0.5969E-01 -0.1224E+01    1.0000  0.5917E-23
  0.4417  -0.107E+01  0.3030E-01  0.3151E-04  0.5937E-01 -0.1226E+01    0.9999  0.1290E-22
  0.4417  -0.123E+01  0.9091E-01  0.3457E-04  0.5903E-01 -0.1229E+01    0.9999  0.2797E-22
  0.4417  -0.142E+01  0.1515E+00  0.3794E-04  0.5866E-01 -0.1232E+01    0.9999  0.6056E-22
  0.4417  -0.163E+01  0.2121E+00  0.4163E-04  0.5825E-01 -0.1235E+01    0.9999  0.1316E-21
  0.4416  -0.187E+01  0.2727E+00  0.4568E-04  0.5780E-01 -0.1238E+01    0.9999  0.2853E-21
  0.4416  -0.215E+01  0.3333E+00  0.5012E-04  0.5731E-01 -0.1242E+01    0.9998  0.6199E-21
  0.4416  -0.248E+01  0.3939E+00  0.5500E-04  0.5677E-01 -0.1246E+01    0.9998  0.1345E-20
  0.4416  -0.285E+01  0.4545E+00  0.6034E-04  0.5619E-01 -0.1250E+01    0.9997  0.2917E-20
  0.4416  -0.327E+01  0.5152E+00  0.6620E-04  0.5555E-01 -0.1255E+01    0.9996  0.6330E-20
  0.4415  -0.376E+01  0.5758E+00  0.7263E-04  0.5485E-01 -0.1261E+01    0.9996  0.1373E-19
  0.4415  -0.433E+01  0.6364E+00  0.7967E-04  0.5408E-01 -0.1267E+01    0.9994  0.2979E-19
  0.4414  -0.498E+01  0.6970E+00  0.8738E-04  0.5325E-01 -0.1274E+01    0.9993  0.6458E-19
  0.4414  -0.572E+01  0.7576E+00  0.9583E-04  0.5234E-01 -0.1281E+01    0.9991  0.1400E-18
  0.4413  -0.658E+01  0.8182E+00  0.1051E-03  0.5135E-01 -0.1289E+01    0.9989  0.3036E-18
  0.4412  -0.756E+01  0.8788E+00  0.1152E-03  0.5027E-01 -0.1299E+01    0.9986  0.6577E-18
  0.4410  -0.870E+01  0.9394E+00  0.1262E-03  0.4909E-01 -0.1309E+01    0.9982  0.1424E-17
  0.4409  -0.100E+02  0.1000E+01  0.1383E-03  0.4782E-01 -0.1320E+01    0.9977  0.3083E-17
  0.4406  -0.115E+02  0.1061E+01  0.1515E-03  0.4644E-01 -0.1333E+01    0.9971  0.6669E-17
  0.4404  -0.132E+02  0.1121E+01  0.1658E-03  0.4494E-01 -0.1347E+01    0.9964  0.1441E-16
  0.4400  -0.152E+02  0.1182E+01  0.1813E-03  0.4332E-01 -0.1363E+01    0.9955  0.3111E-16
  0.4396  -0.175E+02  0.1242E+01  0.1982E-03  0.4158E-01 -0.1381E+01    0.9943  0.6707E-16
  0.4391  -0.201E+02  0.1303E+01  0.2164E-03  0.3970E-01 -0.1401E+01    0.9928  0.1443E-15
  0.4384  -0.231E+02  0.1364E+01  0.2359E-03  0.3769E-01 -0.1424E+01    0.9910  0.3098E-15
  0.4375  -0.266E+02  0.1424E+01  0.2568E-03  0.3554E-01 -0.1449E+01    0.9887  0.6634E-15
  0.4365  -0.305E+02  0.1485E+01  0.2789E-03  0.3327E-01 -0.1478E+01    0.9858  0.1415E-14
  0.4351  -0.351E+02  0.1545E+01  0.3021E-03  0.3087E-01 -0.1510E+01    0.9822  0.3007E-14
  0.4335  -0.404E+02  0.1606E+01  0.3263E-03  0.2836E-01 -0.1547E+01    0.9777  0.6353E-14
  0.4314  -0.464E+02  0.1667E+01  0.3510E-03  0.2575E-01 -0.1589E+01    0.9721  0.1333E-13
  0.4289  -0.534E+02  0.1727E+01  0.3757E-03  0.2308E-01 -0.1637E+01    0.9652  0.2776E-13
  0.4258  -0.614E+02  0.1788E+01  0.3998E-03  0.2038E-01 -0.1691E+01    0.9568  0.5722E-13
  0.4220  -0.705E+02  0.1848E+01  0.4225E-03  0.1768E-01 -0.1752E+01    0.9465  0.1165E-12
  0.4174  -0.811E+02  0.1909E+01  0.4427E-03  0.1505E-01 -0.1822E+01    0.9341  0.2339E-12
  0.4120  -0.933E+02  0.1970E+01  0.4592E-03  0.1253E-01 -0.1902E+01    0.9192  0.4613E-12
  0.4055  -0.107E+03  0.2030E+01  0.4708E-03  0.1019E-01 -0.1992E+01    0.9015  0.8917E-12
  0.3978  -0.123E+03  0.2091E+01  0.4764E-03  0.8059E-02 -0.2094E+01    0.8809  0.1684E-11
  0.3890  -0.142E+03  0.2152E+01  0.4748E-03  0.6195E-02 -0.2208E+01    0.8570  0.3095E-11
  0.3791  -0.163E+03  0.2212E+01  0.4655E-03  0.4617E-02 -0.2336E+01    0.8298  0.5524E-11
  0.3679  -0.187E+03  0.2273E+01  0.4484E-03  0.3332E-02 -0.2477E+01    0.7995  0.9542E-11
  0.3556  -0.215E+03  0.2333E+01  0.4240E-03  0.2327E-02 -0.2633E+01    0.7662  0.1592E-10
  0.3424  -0.248E+03  0.2394E+01  0.3935E-03  0.1573E-02 -0.2803E+01    0.7304  0.2561E-10
  0.3285  -0.285E+03  0.2455E+01  0.3584E-03  0.1029E-02 -0.2987E+01    0.6925  0.3969E-10
  0.3140  -0.327E+03  0.2515E+01  0.3205E-03  0.6536E-03 -0.3185E+01    0.6532  0.5925E-10
  0.2993  -0.376E+03  0.2576E+01  0.2819E-03  0.4034E-03 -0.3394E+01    0.6132  0.8530E-10
  0.2845  -0.433E+03  0.2636E+01  0.2440E-03  0.2426E-03 -0.3615E+01    0.5730  0.1186E-09
  0.2699  -0.498E+03  0.2697E+01  0.2082E-03  0.1426E-03 -0.3846E+01    0.5333  0.1595E-09
  0.2556  -0.572E+03  0.2758E+01  0.1755E-03  0.8215E-04 -0.4085E+01    0.4946  0.2080E-09
  0.2419  -0.658E+03  0.2818E+01  0.1463E-03  0.4651E-04 -0.4332E+01    0.4573  0.2637E-09
  0.2288  -0.756E+03  0.2879E+01  0.1209E-03  0.2595E-04 -0.4586E+01    0.4217  0.3259E-09
  0.2164  -0.870E+03  0.2939E+01  0.9914E-04  0.1430E-04 -0.4845E+01    0.3880  0.3935E-09
  0.2047  -0.100E+04  0.3000E+01  0.8076E-04  0.7802E-05 -0.5108E+01    0.3563  0.4655E-09
  0.1938  -0.115E+04  0.3061E+01  0.6544E-04  0.4220E-05 -0.5375E+01    0.3268  0.5406E-09
  0.1837  -0.132E+04  0.3121E+01  0.5280E-04  0.2267E-05 -0.5644E+01    0.2993  0.6177E-09
  0.1744  -0.152E+04  0.3182E+01  0.4245E-04  0.1211E-05 -0.5917E+01    0.2738  0.6956E-09
  0.1657  -0.175E+04  0.3242E+01  0.3403E-04  0.6443E-06 -0.6191E+01    0.2504  0.7733E-09
  0.1578  -0.201E+04  0.3303E+01  0.2722E-04  0.3414E-06 -0.6467E+01    0.2287  0.8501E-09
  0.1504  -0.231E+04  0.3364E+01  0.2173E-04  0.1804E-06 -0.6744E+01    0.2089  0.9251E-09
  0.1437  -0.266E+04  0.3424E+01  0.1732E-04  0.9511E-07 -0.7022E+01    0.1906  0.9978E-09
  0.1376  -0.305E+04  0.3485E+01  0.1379E-04  0.5005E-07 -0.7301E+01    0.1740  0.1068E-08
  0.1320  -0.351E+04  0.3545E+01  0.1097E-04  0.2630E-07 -0.7580E+01    0.1587  0.1135E-08
  0.1268  -0.404E+04  0.3606E+01  0.8720E-05  0.1380E-07 -0.7860E+01    0.1447  0.1198E-08
  0.1221  -0.464E+04  0.3667E+01  0.6927E-05  0.7236E-08 -0.8140E+01    0.1320  0.1258E-08
  0.1178  -0.534E+04  0.3727E+01  0.5500E-05  0.3791E-08 -0.8421E+01    0.1203  0.1315E-08
  0.1139  -0.614E+04  0.3788E+01  0.4365E-05  0.1985E-08 -0.8702E+01    0.1097  0.1368E-08
  0.1103  -0.705E+04  0.3848E+01  0.3464E-05  0.1039E-08 -0.8983E+01    0.1000  0.1417E-08
  0.1071  -0.811E+04  0.3909E+01  0.2748E-05  0.5435E-09 -0.9265E+01    0.0911  0.1463E-08
  0.1041  -0.933E+04  0.3970E+01  0.2179E-05  0.2843E-09 -0.9546E+01    0.0831  0.1505E-08
  0.1014  -0.107E+05  0.4030E+01  0.1728E-05  0.1486E-09 -0.9828E+01    0.0757  0.1544E-08
  0.0989  -0.123E+05  0.4091E+01  0.1370E-05  0.7771E-10 -0.1011E+02    0.0690  0.1580E-08
  0.0967  -0.142E+05  0.4152E+01  0.1086E-05  0.4062E-10 -0.1039E+02    0.0629  0.1613E-08
  0.0946  -0.163E+05  0.4212E+01  0.8614E-06  0.2123E-10 -0.1067E+02    0.0573  0.1643E-08
  0.0928  -0.187E+05  0.4273E+01  0.6828E-06  0.1110E-10 -0.1095E+02    0.0522  0.1669E-08
  0.0911  -0.215E+05  0.4333E+01  0.5413E-06  0.5798E-11 -0.1124E+02    0.0476  0.1693E-08
  0.0895  -0.248E+05  0.4394E+01  0.4291E-06  0.3030E-11 -0.1152E+02    0.0434  0.1714E-08
  0.0881  -0.285E+05  0.4455E+01  0.3401E-06  0.1583E-11 -0.1180E+02    0.0395  0.1733E-08
  0.0868  -0.327E+05  0.4515E+01  0.2696E-06  0.8271E-12 -0.1208E+02    0.0360  0.1749E-08
  0.0856  -0.376E+05  0.4576E+01  0.2137E-06  0.4322E-12 -0.1236E+02    0.0328  0.1762E-08
  0.0845  -0.433E+05  0.4636E+01  0.1693E-06  0.2258E-12 -0.1265E+02    0.0299  0.1772E-08
  0.0836  -0.498E+05  0.4697E+01  0.1342E-06  0.1180E-12 -0.1293E+02    0.0272  0.1780E-08
  0.0827  -0.572E+05  0.4758E+01  0.1064E-06  0.6163E-13 -0.1321E+02    0.0248  0.1785E-08
  0.0819  -0.658E+05  0.4818E+01  0.8432E-07  0.3220E-13 -0.1349E+02    0.0226  0.1787E-08
  0.0811  -0.756E+05  0.4879E+01  0.6683E-07  0.1682E-13 -0.1377E+02    0.0206  0.1787E-08
  0.0805  -0.870E+05  0.4939E+01  0.5297E-07  0.8788E-14 -0.1406E+02    0.0188  0.1783E-08
  0.0798  -0.100E+06  0.5000E+01  0.4198E-07  0.4591E-14 -0.1434E+02    0.0171  0.1777E-08
end
